<?xml version="1.0" encoding="UTF-8"?>
<testsuite xmlns:xsi="http://www.w3.org/2001/XMLSchema-instance" xsi:noNamespaceSchemaLocation="https://maven.apache.org/surefire/maven-surefire-plugin/xsd/surefire-test-report-3.0.xsd" version="3.0" name="com.meven.javaweb.javaprojecte.JavaprojecteApplicationTests" time="2.053" tests="1" errors="0" skipped="0" failures="0">
  <properties>
[...]
</properties>
  <testcase name="contextLoads" classname="com.meven.javaweb.javaprojecte.JavaprojecteApplicationTests" time="0.643">
    <system-out><![CDATA[22:42:10.797 [main] INFO org.springframework.test.context.support.AnnotationConfigContextLoaderUtils -- Could not detect default configuration classes for test class [com.meven.javaweb.javaprojecte.JavaprojecteApplicationTests]: JavaprojecteApplicationTests does not declare any static, non-private, non-final, nested classes annotated with @Configuration.
22:42:10.866 [main] INFO org.springframework.boot.test.context.SpringBootTestContextBootstrapper -- Found @SpringBootConfiguration com.meven.javaweb.javaprojecte.JavaprojecteApplication for test class com.meven.javaweb.javaprojecte.JavaprojecteApplicationTests

  .   ____          _            __ _ _
 /\\ / ___'_ __ _ _(_)_ __  __ _ \ \ \ \
( ( )\___ | '_ | '_| | '_ \/ _` | \ \ \ \
 \\/  ___)| |_)| | | | | || (_| |  ) ) ) )
  '  |____| .__|_| |_|_| |_\__, | / / / /
 =========|_|==============|___/=/_/_/_/
 :: Spring Boot ::                (v3.1.0)

2023-12-03T22:42:11.137+08:00  INFO 27188 --- [           main] c.m.j.j.JavaprojecteApplicationTests     : Starting JavaprojecteApplicationTests using Java 17.0.9 with PID 27188 (started by xxy in D:\肖新宇\IdeaProjects\javaweb\javaprojecte)
2023-12-03T22:42:11.138+08:00  INFO 27188 --- [           main] c.m.j.j.JavaprojecteApplicationTests     : No active profile set, falling back to 1 default profile: "default"
2023-12-03T22:42:12.077+08:00  INFO 27188 --- [           main] c.m.j.j.JavaprojecteApplicationTests     : Started JavaprojecteApplicationTests in 1.118 seconds (process running for 1.744)
]]></system-out>
  </testcase>
</testsuite>